# JRE version: Java(TM) SE Runtime Environment (8.0_111-b14) (build 1.8.0_111-b14)
# Java VM: Java HotSpot(TM) 64-Bit Server VM (25.111-b14 mixed mode windows-amd64 compressed oops)
Heap:
 PSYoungGen      total 140288K, used 107128K [0x00000000d5c00000, 0x00000000e6b80000, 0x0000000100000000)
  eden space 126464K, 84% used [0x00000000d5c00000,0x00000000dc49e1c8,0x00000000dd780000)
  from space 13824K, 0% used [0x00000000dd780000,0x00000000dd780000,0x00000000de500000)
  to   space 17408K, 0% used [0x00000000e5a80000,0x00000000e5a80000,0x00000000e6b80000)
 ParOldGen       total 73728K, used 23054K [0x0000000081400000, 0x0000000085c00000, 0x00000000d5c00000)
  object space 73728K, 31% used [0x0000000081400000,0x0000000082a83888,0x0000000085c00000)
 Metaspace       used 41155K, capacity 43616K, committed 43776K, reserved 1087488K
  class space    used 5643K, capacity 6078K, committed 6144K, reserved 1048576K
GC Heap History (10 events):
Event: 11.570 GC heap before
{Heap before GC invocations=5 (full 1):
 PSYoungGen      total 71680K, used 5089K [0x00000000d5c00000, 0x00000000da700000, 0x0000000100000000)
  eden space 66560K, 0% used [0x00000000d5c00000,0x00000000d5c00000,0x00000000d9d00000)
  from space 5120K, 99% used [0x00000000da200000,0x00000000da6f8678,0x00000000da700000)
  to   space 5120K, 0% used [0x00000000d9d00000,0x00000000d9d00000,0x00000000da200000)
 ParOldGen       total 87552K, used 7935K [0x0000000081400000, 0x0000000086980000, 0x00000000d5c00000)
  object space 87552K, 9% used [0x0000000081400000,0x0000000081bbfc20,0x0000000086980000)
 Metaspace       used 20819K, capacity 21452K, committed 21628K, reserved 1069056K
  class space    used 2792K, capacity 2988K, committed 3072K, reserved 1048576K
Event: 11.609 GC heap after
Heap after GC invocations=5 (full 1):
 PSYoungGen      total 71680K, used 0K [0x00000000d5c00000, 0x00000000da700000, 0x0000000100000000)
  eden space 66560K, 0% used [0x00000000d5c00000,0x00000000d5c00000,0x00000000d9d00000)
  from space 5120K, 0% used [0x00000000da200000,0x00000000da200000,0x00000000da700000)
  to   space 5120K, 0% used [0x00000000d9d00000,0x00000000d9d00000,0x00000000da200000)
 ParOldGen       total 47104K, used 6680K [0x0000000081400000, 0x0000000084200000, 0x00000000d5c00000)
  object space 47104K, 14% used [0x0000000081400000,0x0000000081a863a0,0x0000000084200000)
 Metaspace       used 20818K, capacity 21446K, committed 21628K, reserved 1069056K
  class space    used 2792K, capacity 2987K, committed 3072K, reserved 1048576K
}
Event: 12.246 GC heap before
{Heap before GC invocations=6 (full 1):
 PSYoungGen      total 71680K, used 66560K [0x00000000d5c00000, 0x00000000da700000, 0x0000000100000000)
  eden space 66560K, 100% used [0x00000000d5c00000,0x00000000d9d00000,0x00000000d9d00000)
  from space 5120K, 0% used [0x00000000da200000,0x00000000da200000,0x00000000da700000)
  to   space 5120K, 0% used [0x00000000d9d00000,0x00000000d9d00000,0x00000000da200000)
 ParOldGen       total 47104K, used 6680K [0x0000000081400000, 0x0000000084200000, 0x00000000d5c00000)
  object space 47104K, 14% used [0x0000000081400000,0x0000000081a863a0,0x0000000084200000)
 Metaspace       used 23314K, capacity 24142K, committed 24192K, reserved 1071104K
  class space    used 3211K, capacity 3439K, committed 3456K, reserved 1048576K
Event: 12.254 GC heap after
Heap after GC invocations=6 (full 1):
 PSYoungGen      total 71680K, used 5115K [0x00000000d5c00000, 0x00000000def00000, 0x0000000100000000)
  eden space 66560K, 0% used [0x00000000d5c00000,0x00000000d5c00000,0x00000000d9d00000)
  from space 5120K, 99% used [0x00000000d9d00000,0x00000000da1feed8,0x00000000da200000)
  to   space 10240K, 0% used [0x00000000de500000,0x00000000de500000,0x00000000def00000)
 ParOldGen       total 47104K, used 8926K [0x0000000081400000, 0x0000000084200000, 0x00000000d5c00000)
  object space 47104K, 18% used [0x0000000081400000,0x0000000081cb7840,0x0000000084200000)
 Metaspace       used 23314K, capacity 24142K, committed 24192K, reserved 1071104K
  class space    used 3211K, capacity 3439K, committed 3456K, reserved 1048576K
}
Event: 14.569 GC heap before
{Heap before GC invocations=7 (full 1):
 PSYoungGen      total 71680K, used 71675K [0x00000000d5c00000, 0x00000000def00000, 0x0000000100000000)
  eden space 66560K, 100% used [0x00000000d5c00000,0x00000000d9d00000,0x00000000d9d00000)
  from space 5120K, 99% used [0x00000000d9d00000,0x00000000da1feed8,0x00000000da200000)
  to   space 10240K, 0% used [0x00000000de500000,0x00000000de500000,0x00000000def00000)
 ParOldGen       total 47104K, used 8926K [0x0000000081400000, 0x0000000084200000, 0x00000000d5c00000)
  object space 47104K, 18% used [0x0000000081400000,0x0000000081cb7840,0x0000000084200000)
 Metaspace       used 28817K, capacity 30084K, committed 30464K, reserved 1075200K
  class space    used 3946K, capacity 4234K, committed 4352K, reserved 1048576K
Event: 14.582 GC heap after
Heap after GC invocations=7 (full 1):
 PSYoungGen      total 136704K, used 10237K [0x00000000d5c00000, 0x00000000df500000, 0x0000000100000000)
  eden space 126464K, 0% used [0x00000000d5c00000,0x00000000d5c00000,0x00000000dd780000)
  from space 10240K, 99% used [0x00000000de500000,0x00000000deeff5a0,0x00000000def00000)
  to   space 13824K, 0% used [0x00000000dd780000,0x00000000dd780000,0x00000000de500000)
 ParOldGen       total 47104K, used 12838K [0x0000000081400000, 0x0000000084200000, 0x00000000d5c00000)
  object space 47104K, 27% used [0x0000000081400000,0x00000000820898c8,0x0000000084200000)
 Metaspace       used 28817K, capacity 30084K, committed 30464K, reserved 1075200K
  class space    used 3946K, capacity 4234K, committed 4352K, reserved 1048576K
}
Event: 15.625 GC heap before
{Heap before GC invocations=8 (full 1):
 PSYoungGen      total 136704K, used 117438K [0x00000000d5c00000, 0x00000000df500000, 0x0000000100000000)
  eden space 126464K, 84% used [0x00000000d5c00000,0x00000000dc4b0368,0x00000000dd780000)
  from space 10240K, 99% used [0x00000000de500000,0x00000000deeff5a0,0x00000000def00000)
  to   space 13824K, 0% used [0x00000000dd780000,0x00000000dd780000,0x00000000de500000)
 ParOldGen       total 47104K, used 12838K [0x0000000081400000, 0x0000000084200000, 0x00000000d5c00000)
  object space 47104K, 27% used [0x0000000081400000,0x00000000820898c8,0x0000000084200000)
 Metaspace       used 34282K, capacity 35942K, committed 36048K, reserved 1081344K
  class space    used 4765K, capacity 5091K, committed 5120K, reserved 1048576K
Event: 15.643 GC heap after
Heap after GC invocations=8 (full 1):
 PSYoungGen      total 140288K, used 13793K [0x00000000d5c00000, 0x00000000e6b80000, 0x0000000100000000)
  eden space 126464K, 0% used [0x00000000d5c00000,0x00000000d5c00000,0x00000000dd780000)
  from space 13824K, 99% used [0x00000000dd780000,0x00000000de4f8580,0x00000000de500000)
  to   space 17408K, 0% used [0x00000000e5a80000,0x00000000e5a80000,0x00000000e6b80000)
 ParOldGen       total 47104K, used 16072K [0x0000000081400000, 0x0000000084200000, 0x00000000d5c00000)
  object space 47104K, 34% used [0x0000000081400000,0x00000000823b2070,0x0000000084200000)
 Metaspace       used 34282K, capacity 35942K, committed 36048K, reserved 1081344K
  class space    used 4765K, capacity 5091K, committed 5120K, reserved 1048576K
}
Event: 15.643 GC heap before
{Heap before GC invocations=9 (full 2):
 PSYoungGen      total 140288K, used 13793K [0x00000000d5c00000, 0x00000000e6b80000, 0x0000000100000000)
  eden space 126464K, 0% used [0x00000000d5c00000,0x00000000d5c00000,0x00000000dd780000)
  from space 13824K, 99% used [0x00000000dd780000,0x00000000de4f8580,0x00000000de500000)
  to   space 17408K, 0% used [0x00000000e5a80000,0x00000000e5a80000,0x00000000e6b80000)
 ParOldGen       total 47104K, used 16072K [0x0000000081400000, 0x0000000084200000, 0x00000000d5c00000)
  object space 47104K, 34% used [0x0000000081400000,0x00000000823b2070,0x0000000084200000)
 Metaspace       used 34282K, capacity 35942K, committed 36048K, reserved 1081344K
  class space    used 4765K, capacity 5091K, committed 5120K, reserved 1048576K
Event: 15.761 GC heap after
Heap after GC invocations=9 (full 2):
 PSYoungGen      total 140288K, used 0K [0x00000000d5c00000, 0x00000000e6b80000, 0x0000000100000000)
  eden space 126464K, 0% used [0x00000000d5c00000,0x00000000d5c00000,0x00000000dd780000)
  from space 13824K, 0% used [0x00000000dd780000,0x00000000dd780000,0x00000000de500000)
  to   space 17408K, 0% used [0x00000000e5a80000,0x00000000e5a80000,0x00000000e6b80000)
 ParOldGen       total 73728K, used 23054K [0x0000000081400000, 0x0000000085c00000, 0x00000000d5c00000)
  object space 73728K, 31% used [0x0000000081400000,0x0000000082a83888,0x0000000085c00000)
 Metaspace       used 34282K, capacity 35942K, committed 36048K, reserved 1081344K
  class space    used 4765K, capacity 5091K, committed 5120K, reserved 1048576K
}

